\BOOKMARK [0][-]{chapter.2}{\376\377\000E\000s\000p\000a\000c\000i\000o\000s\000\040\000d\000e\000\040\000p\000r\000o\000b\000a\000b\000i\000l\000i\000d\000a\000d}{}% 1
\BOOKMARK [1][-]{section.3}{\376\377\000I\000n\000t\000r\000o\000d\000u\000c\000c\000i\000\363\000n}{chapter.2}% 2
\BOOKMARK [1][-]{section.77}{\376\377\000I\000n\000d\000e\000p\000e\000n\000d\000e\000n\000c\000i\000a}{chapter.2}% 3
\BOOKMARK [2][-]{subsection.99}{\376\377\000C\000r\000i\000t\000e\000r\000i\000o\000s\000\040\000d\000e\000\040\000i\000n\000d\000e\000p\000e\000n\000d\000e\000n\000c\000i\000a}{section.77}% 4
\BOOKMARK [0][-]{chapter.130}{\376\377\000E\000s\000p\000e\000r\000a\000n\000z\000a\000\040\000m\000a\000t\000e\000m\000\341\000t\000i\000c\000a}{}% 5
\BOOKMARK [1][-]{section.131}{\376\377\000D\000e\000f\000i\000n\000i\000c\000i\000o\000n\000e\000s\000\040\000y\000\040\000p\000r\000o\000p\000i\000e\000d\000a\000d\000e\000s\000\040\000b\000\341\000s\000i\000c\000a\000s}{chapter.130}% 6
\BOOKMARK [1][-]{section.187}{\376\377\000C\000o\000m\000p\000o\000r\000t\000a\000m\000i\000e\000n\000t\000o\000\040\000a\000\040\000l\000a\000r\000g\000o\000\040\000p\000l\000a\000z\000o}{chapter.130}% 7
\BOOKMARK [0][-]{chapter.233}{\376\377\000C\000o\000n\000v\000e\000r\000g\000e\000n\000c\000i\000a\000\040\000d\000e\000\040\000s\000u\000c\000e\000s\000i\000o\000n\000e\000s\000\040\000d\000e\000\040\000v\000a\000r\000i\000a\000b\000l\000e\000s\000\040\000a\000l\000e\000a\000t\000o\000r\000i\000a\000s}{}% 8
\BOOKMARK [1][-]{section.234}{\376\377\000D\000i\000f\000e\000r\000e\000n\000t\000e\000s\000\040\000t\000i\000p\000o\000s\000\040\000d\000e\000\040\000c\000o\000n\000v\000e\000r\000g\000e\000n\000c\000i\000a}{chapter.233}% 9
\BOOKMARK [0][-]{chapter.266}{\376\377\000E\000s\000p\000e\000r\000a\000n\000z\000a\000\040\000c\000o\000n\000d\000i\000c\000i\000o\000n\000a\000l\000\040\000y\000\040\000M\000a\000r\000t\000i\000n\000g\000a\000l\000a\000s}{}% 10
\BOOKMARK [0][-]{chapter.267}{\376\377\000C\000o\000m\000p\000o\000r\000t\000a\000m\000i\000e\000n\000t\000o\000\040\000a\000\040\000l\000a\000r\000g\000o\000\040\000p\000l\000a\000z\000o\000\040\000d\000e\000\040\000s\000u\000c\000e\000s\000i\000o\000n\000e\000s\000\040\000d\000e\000\040\000v\000a\000r\000i\000a\000b\000l\000e\000s\000\040\000a\000l\000e\000a\000t\000o\000r\000i\000a\000s}{}% 11
\BOOKMARK [0][-]{appendix.268}{\376\377\000H\000o\000j\000a\000s\000\040\000d\000e\000\040\000e\000j\000e\000r\000c\000i\000c\000i\000o\000s}{}% 12
\BOOKMARK [1][-]{section.269}{\376\377\000R\000e\000p\000a\000s\000o\000\040\000d\000e\000\040\000t\000e\000o\000r\000\355\000a\000\040\000d\000e\000\040\000l\000a\000\040\000m\000e\000d\000i\000d\000a}{appendix.268}% 13
\BOOKMARK [1][-]{section.355}{\376\377\000E\000s\000p\000a\000c\000i\000o\000s\000\040\000d\000e\000\040\000p\000r\000o\000b\000a\000b\000i\000l\000i\000d\000a\000d}{appendix.268}% 14
\BOOKMARK [2][-]{subsection.356}{\376\377\000E\000j\000e\000r\000c\000i\000c\000i\000o\000s\000\040\000b\000\341\000s\000i\000c\000o\000s}{section.355}% 15
\BOOKMARK [2][-]{subsection.396}{\376\377\000P\000r\000o\000b\000l\000e\000m\000a\000s}{section.355}% 16
\BOOKMARK [2][-]{subsection.414}{\376\377\000P\000r\000o\000b\000l\000e\000m\000a\000\040\000p\000a\000r\000a\000\040\000a\000m\000p\000l\000i\000a\000r}{section.355}% 17
\BOOKMARK [1][-]{section.422}{\376\377\000E\000s\000p\000e\000r\000a\000n\000z\000a\000\040\000m\000a\000t\000e\000m\000\341\000t\000i\000c\000a}{appendix.268}% 18
\BOOKMARK [2][-]{subsection.423}{\376\377\000E\000j\000e\000r\000c\000i\000c\000i\000o\000s\000\040\000b\000\341\000s\000i\000c\000o\000s}{section.422}% 19
\BOOKMARK [2][-]{subsection.434}{\376\377\000P\000r\000o\000b\000l\000e\000m\000a\000s}{section.422}% 20
\BOOKMARK [2][-]{subsection.462}{\376\377\000P\000r\000o\000b\000l\000e\000m\000a\000s\000\040\000p\000a\000r\000a\000\040\000a\000m\000p\000l\000i\000a\000r}{section.422}% 21
