\BOOKMARK [0][-]{chapter.2}{\376\377\000I\000n\000t\000r\000o\000d\000u\000c\000c\000i\000\363\000n}{}% 1
\BOOKMARK [1][-]{section.3}{\376\377\000D\000e\000f\000i\000n\000i\000c\000i\000o\000n\000e\000s\000\040\000y\000\040\000e\000j\000e\000m\000p\000l\000o\000s\000\040\000b\000\341\000s\000i\000c\000o\000s}{chapter.2}% 2
\BOOKMARK [2][-]{subsection.23}{\376\377\000H\000o\000m\000o\000g\000e\000n\000e\000i\000d\000a\000d}{section.3}% 3
\BOOKMARK [0][-]{chapter.30}{\376\377\000E\000c\000u\000a\000c\000i\000o\000n\000e\000s\000\040\000d\000e\000\040\000p\000r\000i\000m\000e\000r\000\040\000o\000r\000d\000e\000n}{}% 4
\BOOKMARK [1][-]{section.31}{\376\377\000M\000o\000d\000e\000l\000o\000s\000\040\000s\000i\000n\000\040\000a\000p\000o\000r\000t\000e\000\040\000e\000x\000t\000e\000r\000n\000o}{chapter.30}% 5
\BOOKMARK [2][-]{subsection.32}{\376\377\000M\000o\000d\000e\000l\000o\000s\000\040\000d\000e\000\040\000t\000r\000a\000n\000s\000p\000o\000r\000t\000e}{section.31}% 6
\BOOKMARK [0][-]{chapter.44}{\376\377\000E\000D\000P\000s\000\040\000d\000e\000\040\000s\000e\000g\000u\000n\000d\000o\000\040\000o\000r\000d\000e\000n}{}% 7
\BOOKMARK [1][-]{section.45}{\376\377\000C\000l\000a\000s\000i\000f\000i\000c\000a\000c\000i\000\363\000n\000\040\000d\000e\000\040\000E\000D\000P\000s\000\040\000l\000i\000n\000e\000a\000l\000e\000s\000\040\000d\000e\000\040\000s\000e\000g\000u\000n\000d\000o\000\040\000o\000r\000d\000e\000n}{chapter.44}% 8
\BOOKMARK [1][-]{section.63}{\376\377\000S\000e\000p\000a\000r\000a\000c\000i\000\363\000n\000\040\000d\000e\000\040\000v\000a\000r\000i\000a\000b\000l\000e\000s\000\040\000e\000n\000\040\000d\000i\000m\000e\000n\000s\000i\000\363\000n\000\040\0001}{chapter.44}% 9
\BOOKMARK [2][-]{subsection.64}{\376\377\000E\000c\000u\000a\000c\000i\000\363\000n\000\040\000d\000e\000l\000\040\000c\000a\000l\000o\000r\000\040\000c\000o\000n\000\040\000c\000o\000n\000d\000i\000c\000i\000o\000n\000e\000s\000\040\000D\000i\000r\000i\000c\000h\000l\000e\000t}{section.63}% 10
\BOOKMARK [2][-]{subsection.72}{\376\377\000E\000c\000u\000a\000c\000i\000\363\000n\000\040\000d\000e\000\040\000o\000n\000d\000a\000s\000\040\000c\000o\000n\000\040\000c\000o\000n\000d\000i\000c\000i\000o\000n\000e\000s\000\040\000D\000i\000r\000i\000c\000h\000l\000e\000t}{section.63}% 11
\BOOKMARK [2][-]{subsection.79}{\376\377\000E\000c\000u\000a\000c\000i\000\363\000n\000\040\000d\000e\000l\000\040\000c\000a\000l\000o\000r\000\040\000c\000o\000n\000\040\000c\000o\000n\000d\000i\000c\000i\000o\000n\000e\000s\000\040\000N\000e\000u\000m\000a\000n\000n}{section.63}% 12
\BOOKMARK [1][-]{section.83}{\376\377\000E\000s\000t\000u\000d\000i\000o\000\040\000d\000e\000\040\000l\000a\000s\000\040\000s\000e\000r\000i\000e\000s\000\040\000t\000r\000i\000g\000o\000n\000o\000m\000\351\000t\000r\000i\000c\000a\000s}{chapter.44}% 13
\BOOKMARK [2][-]{subsection.84}{\376\377\000R\000e\000l\000a\000c\000i\000o\000n\000e\000s\000\040\000d\000e\000\040\000o\000r\000t\000o\000g\000o\000n\000a\000l\000i\000d\000a\000d}{section.83}% 14
\BOOKMARK [2][-]{subsection.89}{\376\377\000C\000\341\000l\000c\000u\000l\000o\000\040\000d\000e\000\040\000c\000o\000e\000f\000i\000c\000i\000e\000n\000t\000e\000s}{section.83}% 15
\BOOKMARK [1][-]{section.91}{\376\377\000C\000o\000n\000v\000e\000r\000g\000e\000n\000c\000i\000a\000\040\000d\000e\000\040\000s\000u\000c\000e\000s\000i\000o\000n\000e\000s\000\040\000d\000e\000\040\000f\000u\000n\000c\000i\000o\000n\000e\000s}{chapter.44}% 16
\BOOKMARK [2][-]{subsection.96}{\376\377\000E\000s\000p\000a\000c\000i\000o\000s\000\040\000L\000p\000\040\000y\000\040\000c\000o\000n\000v\000e\000r\000g\000e\000n\000c\000i\000a\000\040\000e\000n\000\040\000L\000p}{section.91}% 17
\BOOKMARK [2][-]{subsection.122}{\376\377\000C\000r\000i\000t\000e\000r\000i\000o\000\040\000d\000e\000\040\000W\000e\000i\000e\000r\000s\000t\000r\000a\000s\000s}{section.91}% 18
\BOOKMARK [2][-]{subsection.131}{\376\377\000S\000i\000m\000e\000t\000r\000\355\000a\000s}{section.91}% 19
\BOOKMARK [2][-]{subsection.132}{\376\377\000N\000o\000t\000a\000c\000i\000\363\000n\000\040\000c\000o\000m\000p\000l\000e\000j\000a}{section.91}% 20
\BOOKMARK [1][-]{section.135}{\376\377\000P\000r\000o\000p\000i\000e\000d\000a\000d\000e\000s\000\040\000d\000e\000\040\000l\000a\000s\000\040\000s\000u\000m\000a\000s\000\040\000p\000a\000r\000c\000i\000a\000l\000e\000s}{chapter.44}% 21
\BOOKMARK [1][-]{section.142}{\376\377\000E\000c\000u\000a\000c\000i\000\363\000n\000\040\000d\000e\000\040\000L\000a\000p\000l\000a\000c\000e\000\040\000e\000n\000\040\000e\000l\000\040\000d\000i\000s\000c\000o}{chapter.44}% 22
\BOOKMARK [0][-]{chapter.154}{\376\377\000E\000l\000\040\000m\000\351\000t\000o\000d\000o\000\040\000d\000e\000\040\000s\000e\000p\000a\000r\000a\000c\000i\000\363\000n\000\040\000d\000e\000\040\000v\000a\000r\000i\000a\000b\000l\000e\000s\000.\000\040\000E\000s\000t\000u\000d\000i\000o\000\040\000d\000e\000\040\000p\000r\000o\000b\000l\000e\000m\000a\000s\000\040\000d\000e\000\040\000c\000o\000n\000t\000o\000r\000n\000o}{}% 23
\BOOKMARK [0][-]{chapter.155}{\376\377\000C\000o\000m\000p\000o\000r\000t\000a\000m\000i\000e\000n\000t\000o\000\040\000c\000u\000a\000l\000i\000t\000a\000t\000i\000v\000o}{}% 24
\BOOKMARK [0][-]{appendix.156}{\376\377\000H\000o\000j\000a\000s\000\040\000d\000e\000\040\000e\000j\000e\000r\000c\000i\000c\000i\000o\000s}{}% 25
\BOOKMARK [1][-]{section.157}{\376\377\000I\000n\000t\000r\000o\000d\000u\000c\000c\000i\000\363\000n\000:\000\040\000E\000c\000u\000a\000c\000i\000o\000n\000e\000s\000\040\000d\000e\000\040\000p\000r\000i\000m\000e\000r\000\040\000o\000r\000d\000e\000n}{appendix.156}% 26
\BOOKMARK [2][-]{subsection.168}{\376\377\000M\000o\000d\000e\000l\000o\000s\000\040\000d\000e\000\040\000t\000r\000\341\000f\000i\000c\000o}{section.157}% 27
\BOOKMARK [2][-]{subsection.179}{\376\377\000E\000c\000u\000a\000c\000i\000o\000n\000e\000s\000\040\000c\000a\000s\000i\000-\000l\000i\000n\000e\000a\000l\000e\000s\000:}{section.157}% 28
