\BOOKMARK [0][-]{chapter.2}{\376\377\000N\000\372\000m\000e\000r\000o\000s\000\040\000c\000o\000m\000p\000l\000e\000j\000o\000s\000\040\000y\000\040\000f\000u\000n\000c\000i\000o\000n\000e\000s}{}% 1
\BOOKMARK [1][-]{section.3}{\376\377\000N\000\372\000m\000e\000r\000o\000s\000\040\000c\000o\000m\000p\000l\000e\000j\000o\000s}{chapter.2}% 2
\BOOKMARK [2][-]{subsection.4}{\376\377\000I\000n\000t\000r\000o\000d\000u\000c\000c\000i\000\363\000n}{section.3}% 3
\BOOKMARK [2][-]{subsection.31}{\376\377\000C\000o\000n\000j\000u\000g\000a\000c\000i\000\363\000n\000\040\000y\000\040\000m\000\363\000d\000u\000l\000o}{section.3}% 4
\BOOKMARK [2][-]{subsection.53}{\376\377\000R\000e\000p\000r\000e\000s\000e\000n\000t\000a\000c\000i\000\363\000n\000\040\000p\000o\000l\000a\000r}{section.3}% 5
\BOOKMARK [2][-]{subsection.72}{\376\377\000P\000o\000t\000e\000n\000c\000i\000a\000s\000\040\000y\000\040\000r\000a\000\355\000c\000e\000s\000\040\000c\000o\000m\000p\000l\000e\000j\000a\000s}{section.3}% 6
\BOOKMARK [2][-]{subsection.87}{\376\377\000L\000u\000g\000a\000r\000e\000s\000\040\000g\000e\000o\000m\000\351\000t\000r\000i\000c\000o\000s\000\040\000e\000n\000\040\000C}{section.3}% 7
\BOOKMARK [2][-]{subsection.96}{\376\377\000T\000o\000p\000o\000l\000o\000g\000\355\000a\000\040\000d\000e\000l\000\040\000p\000l\000a\000n\000o\000\040\000c\000o\000m\000p\000l\000e\000j\000o}{section.3}% 8
\BOOKMARK [2][-]{subsection.142}{\376\377\000E\000l\000\040\000p\000l\000a\000n\000o\000\040\000c\000o\000m\000p\000l\000e\000j\000o\000\040\000e\000x\000t\000e\000n\000d\000i\000d\000o\000.\000\040\000L\000a\000\040\000e\000s\000f\000e\000r\000a\000\040\000d\000e\000\040\000R\000i\000e\000m\000a\000n\000n}{section.3}% 9
\BOOKMARK [1][-]{section.157}{\376\377\000F\000u\000n\000c\000i\000o\000n\000e\000s\000\040\000c\000o\000m\000p\000l\000e\000j\000a\000s}{chapter.2}% 10
\BOOKMARK [2][-]{subsection.158}{\376\377\000D\000e\000f\000i\000n\000i\000c\000i\000o\000n\000e\000s\000\040\000b\000\341\000s\000i\000c\000a\000s}{section.157}% 11
\BOOKMARK [2][-]{subsection.176}{\376\377\000L\000\355\000m\000i\000t\000e\000s\000\040\000y\000\040\000c\000o\000n\000t\000i\000n\000u\000i\000d\000a\000d}{section.157}% 12
\BOOKMARK [0][-]{chapter.208}{\376\377\000F\000u\000n\000c\000i\000o\000n\000e\000s\000\040\000h\000o\000l\000o\000m\000o\000r\000f\000a\000s}{}% 13
\BOOKMARK [1][-]{section.209}{\376\377\000D\000e\000r\000i\000v\000a\000d\000a\000\040\000c\000o\000m\000p\000l\000e\000j\000a}{chapter.208}% 14
\BOOKMARK [2][-]{subsection.236}{\376\377\000E\000c\000u\000a\000c\000i\000o\000n\000e\000s\000\040\000d\000e\000\040\000C\000a\000u\000c\000h\000y\000-\000R\000i\000e\000m\000a\000n\000n}{section.209}% 15
\BOOKMARK [2][-]{subsection.246}{\376\377\000F\000u\000n\000c\000i\000o\000n\000e\000s\000\040\000a\000r\000m\000\363\000n\000i\000c\000a\000s}{section.209}% 16
\BOOKMARK [2][-]{subsection.265}{\376\377\000O\000p\000e\000r\000a\000d\000o\000r\000e\000s\000\040\000d\000e\000\040\000W\000i\000r\000t\000i\000n\000g\000e\000r\000\040\000\050\000f\000,\000\040\000\040\000f\000\051}{section.209}% 17
\BOOKMARK [1][-]{section.276}{\376\377\000F\000u\000n\000c\000i\000o\000n\000e\000s\000\040\000e\000l\000e\000m\000e\000n\000t\000a\000l\000e\000s}{chapter.208}% 18
\BOOKMARK [2][-]{subsection.277}{\376\377\000L\000a\000\040\000f\000u\000n\000c\000i\000\363\000n\000\040\000e\000x\000p\000o\000n\000e\000n\000c\000i\000a\000l\000\040\000c\000o\000m\000p\000l\000e\000j\000a}{section.276}% 19
\BOOKMARK [2][-]{subsection.298}{\376\377\000F\000u\000n\000c\000i\000o\000n\000e\000s\000\040\000t\000r\000i\000g\000o\000n\000o\000m\000\351\000t\000r\000i\000c\000a\000s\000\040\000c\000o\000m\000p\000l\000e\000j\000a\000s}{section.276}% 20
\BOOKMARK [2][-]{subsection.317}{\376\377\000F\000u\000n\000c\000i\000o\000n\000e\000s\000\040\000h\000i\000p\000e\000r\000b\000\363\000l\000i\000c\000a\000s\000\040\000c\000o\000m\000p\000l\000e\000j\000a\000s}{section.276}% 21
\BOOKMARK [2][-]{subsection.326}{\376\377\000T\000e\000o\000r\000e\000m\000a\000\040\000d\000e\000\040\000l\000a\000\040\000f\000u\000n\000c\000i\000\363\000n\000\040\000i\000n\000v\000e\000r\000s\000a\000\040\000p\000a\000r\000a\000\040\000f\000u\000n\000c\000i\000o\000n\000e\000s\000\040\000h\000o\000l\000o\000m\000o\000r\000f\000a\000s}{section.276}% 22
\BOOKMARK [2][-]{subsection.331}{\376\377\000F\000u\000n\000c\000i\000\363\000n\000\040\000l\000o\000g\000a\000r\000i\000t\000m\000o\000\040\000c\000o\000m\000p\000l\000e\000j\000o}{section.276}% 23
\BOOKMARK [2][-]{subsection.348}{\376\377\000P\000o\000t\000e\000n\000c\000i\000a\000s\000\040\000c\000o\000m\000p\000l\000e\000j\000a\000s\000\040\000y\000\040\000e\000x\000p\000o\000n\000e\000n\000c\000i\000a\000l\000\040\000c\000o\000m\000p\000l\000e\000j\000a\000\040\000a\000r\000b\000i\000t\000r\000a\000r\000i\000a}{section.276}% 24
\BOOKMARK [2][-]{subsection.380}{\376\377\000T\000r\000a\000n\000s\000f\000o\000r\000m\000a\000c\000i\000o\000n\000e\000s\000\040\000d\000e\000\040\000M\000\366\000b\000i\000u\000s}{section.276}% 25
\BOOKMARK [0][-]{chapter.439}{\376\377\000S\000e\000r\000i\000e\000s\000\040\000d\000e\000\040\000p\000o\000t\000e\000n\000c\000i\000a\000s}{}% 26
\BOOKMARK [1][-]{section.440}{\376\377\000S\000e\000r\000i\000e\000s\000\040\000n\000u\000m\000\351\000r\000i\000c\000a\000s}{chapter.439}% 27
\BOOKMARK [1][-]{section.457}{\376\377\000S\000u\000c\000e\000s\000i\000o\000n\000e\000s\000\040\000y\000\040\000s\000e\000r\000i\000e\000s\000\040\000d\000e\000\040\000f\000u\000n\000c\000i\000o\000n\000e\000s}{chapter.439}% 28
\BOOKMARK [2][-]{subsection.458}{\376\377\000S\000u\000c\000e\000s\000i\000o\000n\000e\000s\000\040\000d\000e\000\040\000f\000u\000n\000c\000i\000o\000n\000e\000s}{section.457}% 29
\BOOKMARK [0][-]{chapter.469}{\376\377\000F\000\363\000r\000m\000u\000l\000a\000\040\000i\000n\000t\000e\000g\000r\000a\000l\000\040\000d\000e\000\040\000C\000a\000u\000c\000h\000y\000\040\000y\000\040\000s\000u\000s\000\040\000a\000p\000l\000i\000c\000a\000c\000i\000o\000n\000e\000s}{}% 30
\BOOKMARK [0][-]{chapter.470}{\376\377\000C\000\341\000l\000c\000u\000l\000o\000\040\000d\000e\000\040\000r\000e\000s\000i\000d\000u\000o\000s}{}% 31
\BOOKMARK [0][-]{chapter.471}{\376\377\000T\000r\000a\000n\000s\000f\000o\000r\000m\000a\000c\000i\000o\000n\000e\000s\000\040\000c\000o\000n\000f\000o\000r\000m\000e\000s}{}% 32
\BOOKMARK [0][-]{appendix.472}{\376\377\000H\000o\000j\000a\000s\000\040\000d\000e\000\040\000e\000j\000e\000r\000c\000i\000c\000i\000o\000s}{}% 33
\BOOKMARK [1][-]{section.473}{\376\377\000L\000o\000s\000\040\000n\000\372\000m\000e\000r\000o\000s\000\040\000c\000o\000m\000p\000l\000e\000j\000o\000s}{appendix.472}% 34
\BOOKMARK [2][-]{subsection.474}{\376\377\000O\000p\000e\000r\000a\000c\000i\000o\000n\000e\000s\000\040\000a\000l\000g\000e\000b\000r\000a\000i\000c\000a\000s\000\040\000y\000\040\000p\000r\000o\000p\000i\000e\000d\000a\000d\000e\000s\000\040\000b\000\341\000s\000i\000c\000a\000s}{section.473}% 35
\BOOKMARK [2][-]{subsection.531}{\376\377\000C\000o\000n\000j\000u\000n\000t\000o\000s\000\040\000e\000n\000\040\000e\000l\000\040\000p\000l\000a\000n\000o\000\040\000y\000\040\000l\000o\000s\000\040\000n\000\372\000m\000e\000r\000o\000s\000\040\000c\000o\000m\000p\000l\000e\000j\000o\000s}{section.473}% 36
