\BOOKMARK [0][-]{chapter.2}{\376\377\000V\000a\000r\000i\000e\000d\000a\000d\000e\000s\000\040\000d\000i\000f\000e\000r\000e\000n\000c\000i\000a\000b\000l\000e\000s}{}% 1
\BOOKMARK [1][-]{section.3}{\376\377\000I\000n\000t\000r\000o\000d\000u\000c\000c\000i\000\363\000n\000:\000\040\000\277\000Q\000u\000\351\000\040\000e\000s\000\040\000l\000a\000\040\000g\000e\000o\000m\000e\000t\000r\000\355\000a\000?}{chapter.2}% 2
\BOOKMARK [1][-]{section.9}{\376\377\000V\000a\000r\000i\000e\000d\000a\000d\000e\000s\000\040\000t\000o\000p\000o\000l\000\363\000g\000i\000c\000a\000s}{chapter.2}% 3
\BOOKMARK [2][-]{subsection.39}{\376\377\000V\000a\000r\000i\000e\000d\000a\000d\000e\000s\000\040\000d\000i\000f\000e\000r\000e\000n\000c\000i\000a\000b\000l\000e\000s}{section.9}% 4
\BOOKMARK [1][-]{section.86}{\376\377\000L\000a\000\040\000t\000o\000p\000o\000l\000o\000g\000\355\000a\000\040\000c\000o\000c\000i\000e\000n\000t\000e}{chapter.2}% 5
\BOOKMARK [2][-]{subsection.105}{\376\377\000E\000s\000p\000a\000c\000i\000o\000\040\000p\000r\000o\000y\000e\000c\000t\000i\000v\000o}{section.86}% 6
\BOOKMARK [0][-]{chapter.123}{\376\377\000F\000u\000n\000c\000i\000o\000n\000e\000s\000\040\000d\000i\000f\000e\000r\000e\000n\000c\000i\000a\000b\000l\000e\000s}{}% 7
\BOOKMARK [1][-]{section.124}{\376\377\000F\000u\000n\000c\000i\000o\000n\000e\000s\000\040\000d\000i\000f\000e\000r\000e\000n\000c\000i\000a\000b\000l\000e\000s}{chapter.123}% 8
\BOOKMARK [1][-]{section.143}{\376\377\000A\000p\000l\000i\000c\000a\000c\000i\000o\000n\000e\000s\000\040\000d\000i\000f\000e\000r\000e\000n\000c\000i\000a\000b\000l\000e\000s}{chapter.123}% 9
\BOOKMARK [0][-]{chapter.177}{\376\377\000E\000s\000p\000a\000c\000i\000o\000\040\000t\000a\000n\000g\000e\000n\000t\000e}{}% 10
\BOOKMARK [1][-]{section.178}{\376\377\000V\000e\000c\000t\000o\000r\000e\000s\000\040\000t\000a\000n\000g\000e\000n\000t\000e\000s}{chapter.177}% 11
\BOOKMARK [1][-]{section.206}{\376\377\000D\000i\000f\000e\000r\000e\000n\000c\000i\000a\000l\000\040\000d\000e\000\040\000u\000n\000a\000\040\000a\000p\000l\000i\000c\000a\000c\000i\000\363\000n}{chapter.177}% 12
\BOOKMARK [2][-]{subsection.230}{\376\377\000E\000x\000p\000r\000e\000s\000i\000\363\000n\000\040\000l\000o\000c\000a\000l\000\040\000d\000e\000\040\000u\000n\000\040\000v\000e\000c\000t\000o\000r\000\040\000e\000n\000\040\000T\000p\000\040\000M}{section.206}% 13
\BOOKMARK [0][-]{chapter.243}{\376\377\000I\000n\000m\000e\000r\000s\000i\000o\000n\000e\000s\000\040\000y\000\040\000s\000u\000b\000m\000e\000r\000s\000i\000o\000n\000e\000s}{}% 14
\BOOKMARK [1][-]{section.244}{\376\377\000D\000e\000f\000i\000n\000i\000c\000i\000o\000n\000e\000s\000\040\000y\000\040\000r\000e\000s\000u\000l\000t\000a\000d\000o\000s\000\040\000b\000\341\000s\000i\000c\000o\000s}{chapter.243}% 15
\BOOKMARK [1][-]{section.288}{\376\377\000F\000o\000r\000m\000a\000\040\000l\000o\000c\000a\000l\000\040\000d\000e\000\040\000u\000n\000a\000\040\000i\000n\000m\000e\000r\000s\000i\000\363\000n}{chapter.243}% 16
\BOOKMARK [1][-]{section.320}{\376\377\000F\000o\000r\000m\000a\000\040\000l\000o\000c\000a\000l\000\040\000d\000e\000\040\000u\000n\000a\000\040\000s\000u\000b\000m\000e\000r\000s\000i\000\363\000n}{chapter.243}% 17
\BOOKMARK [0][-]{appendix.350}{\376\377\000H\000o\000j\000a\000s\000\040\000d\000e\000\040\000e\000j\000e\000r\000c\000i\000c\000i\000o\000s}{}% 18
\BOOKMARK [1][-]{section.351}{\376\377\000V\000a\000r\000i\000e\000d\000a\000d\000e\000s\000\040\000d\000i\000f\000e\000r\000e\000n\000c\000i\000a\000l\000e\000s}{appendix.350}% 19
\BOOKMARK [1][-]{section.389}{\376\377\000A\000p\000l\000i\000c\000a\000c\000i\000o\000n\000e\000s\000\040\000d\000i\000f\000e\000r\000e\000n\000c\000i\000a\000b\000l\000e\000s}{appendix.350}% 20
\BOOKMARK [1][-]{section.420}{\376\377\000E\000s\000p\000a\000c\000i\000o\000\040\000t\000a\000n\000g\000e\000n\000t\000e}{appendix.350}% 21
