\BOOKMARK [0][-]{chapter.2}{\376\377\000M\000o\000d\000e\000l\000i\000z\000a\000c\000i\000\363\000n\000\040\000d\000e\000t\000e\000r\000m\000i\000n\000i\000s\000t\000a}{}% 1
\BOOKMARK [1][-]{section.3}{\376\377\000I\000n\000t\000r\000o\000d\000u\000c\000c\000i\000\363\000n}{chapter.2}% 2
\BOOKMARK [1][-]{section.14}{\376\377\000M\000o\000d\000e\000l\000o\000s\000\040\000d\000e\000\040\000p\000o\000b\000l\000a\000c\000i\000\363\000n}{chapter.2}% 3
\BOOKMARK [2][-]{subsection.15}{\376\377\000M\000o\000d\000e\000l\000o\000\040\000d\000e\000\040\000F\000i\000b\000o\000n\000a\000c\000c\000i}{section.14}% 4
\BOOKMARK [2][-]{subsection.16}{\376\377\000M\000o\000d\000e\000l\000o\000\040\000d\000e\000\040\000E\000u\000l\000e\000r\000-\000M\000a\000l\000t\000h\000u\000s}{section.14}% 5
\BOOKMARK [2][-]{subsection.17}{\376\377\000M\000o\000d\000e\000l\000o\000\040\000d\000e\000\040\000V\000e\000r\000h\000u\000l\000s\000t}{section.14}% 6
\BOOKMARK [2][-]{subsection.18}{\376\377\000C\000o\000o\000p\000e\000r\000a\000c\000i\000\363\000n\000\040\000\050\000d\000o\000o\000m\000s\000d\000a\000y\000\051}{section.14}% 7
\BOOKMARK [1][-]{section.19}{\376\377\000M\000o\000d\000e\000l\000o\000s\000\040\000d\000e\000p\000r\000e\000d\000a\000d\000o\000r\000-\000p\000r\000e\000s\000a}{chapter.2}% 8
\BOOKMARK [2][-]{subsection.20}{\376\377\000M\000o\000d\000e\000l\000o\000\040\000d\000e\000\040\000L\000o\000t\000k\000a\000-\000V\000o\000l\000t\000e\000r\000r\000a}{section.19}% 9
\BOOKMARK [1][-]{section.23}{\376\377\000M\000o\000d\000e\000l\000o\000s\000\040\000d\000e\000\040\000c\000o\000n\000t\000a\000g\000i\000o}{chapter.2}% 10
\BOOKMARK [2][-]{subsection.24}{\376\377\000E\000n\000f\000e\000r\000m\000e\000d\000a\000d\000e\000s\000\040\000i\000n\000f\000e\000c\000c\000i\000o\000s\000a\000s\000:\000\040\000m\000o\000d\000e\000l\000o\000\040\000S\000I\000R}{section.23}% 11
\BOOKMARK [0][-]{chapter.43}{\376\377\000M\000o\000d\000e\000l\000i\000z\000a\000c\000c\000i\000\363\000n\000\040\000e\000s\000t\000o\000c\000\341\000s\000t\000i\000c\000a\000.\000\040\000C\000a\000d\000e\000n\000a\000s\000\040\000d\000e\000\040\000M\000a\000r\000k\000o\000v}{}% 12
\BOOKMARK [1][-]{section.44}{\376\377\000P\000r\000o\000c\000e\000s\000o\000s\000\040\000d\000e\000\040\000r\000a\000m\000i\000f\000i\000c\000a\000c\000i\000\363\000n\000:\000\040\000m\000o\000d\000e\000l\000o\000\040\000d\000e\000\040\000G\000a\000l\000t\000o\000n\000-\000W\000a\000t\000s\000o\000n}{chapter.43}% 13
\BOOKMARK [1][-]{section.65}{\376\377\000M\000o\000d\000e\000l\000o\000\040\000p\000o\000b\000l\000a\000c\000i\000o\000n\000a\000l\000\040\000d\000e\000\040\000L\000e\000s\000l\000i\000e}{chapter.43}% 14
\BOOKMARK [2][-]{subsection.66}{\376\377\000R\000e\000c\000o\000r\000d\000a\000t\000o\000r\000i\000o\000\040\000d\000e\000l\000\040\000m\000o\000d\000e\000l\000o\000\040\000d\000e\000\040\000F\000i\000b\000o\000n\000a\000c\000c\000i}{section.65}% 15
\BOOKMARK [2][-]{subsection.67}{\376\377\000M\000o\000d\000e\000l\000o\000\040\000d\000e\000\040\000L\000e\000s\000l\000i\000e}{section.65}% 16
\BOOKMARK [1][-]{section.77}{\376\377\000C\000a\000d\000e\000n\000a\000s\000\040\000d\000e\000\040\000M\000a\000r\000k\000o\000v}{chapter.43}% 17
\BOOKMARK [2][-]{subsection.82}{\376\377\000P\000r\000o\000b\000a\000b\000i\000l\000i\000d\000a\000d\000\040\000d\000e\000\040\000t\000r\000a\000n\000s\000i\000c\000i\000\363\000n}{section.77}% 18
\BOOKMARK [2][-]{subsection.83}{\376\377\000D\000i\000s\000t\000r\000i\000b\000u\000c\000i\000\363\000n\000\040\000d\000e\000\040\000p\000r\000o\000b\000a\000b\000i\000l\000i\000d\000a\000d}{section.77}% 19
\BOOKMARK [2][-]{subsection.86}{\376\377\000A\000c\000c\000e\000s\000i\000b\000i\000l\000i\000d\000a\000d\000,\000\040\000c\000o\000m\000u\000n\000i\000c\000a\000c\000i\000\363\000n\000,\000\040\000i\000r\000r\000e\000d\000u\000c\000i\000b\000i\000l\000i\000d\000a\000d\000\040\000y\000\040\000g\000r\000a\000f\000o\000s}{section.77}% 20
\BOOKMARK [1][-]{section.97}{\376\377\000R\000e\000c\000u\000r\000r\000e\000n\000c\000i\000a\000\040\000y\000\040\000t\000r\000a\000n\000s\000i\000t\000o\000r\000i\000e\000d\000a\000d}{chapter.43}% 21
\BOOKMARK [0][-]{chapter.104}{\376\377\000C\000\341\000l\000c\000u\000l\000o\000\040\000d\000e\000\040\000v\000a\000r\000i\000a\000c\000i\000o\000n\000e\000s}{}% 22
\BOOKMARK [0][-]{appendix.105}{\376\377\000H\000o\000j\000a\000s\000\040\000d\000e\000\040\000e\000j\000e\000r\000c\000i\000c\000i\000o\000s}{}% 23
\BOOKMARK [1][-]{section.106}{\376\377\000U\000n\000a\000\040\000p\000o\000b\000l\000a\000c\000i\000\363\000n\000,\000\040\000m\000o\000d\000e\000l\000o\000s\000\040\000d\000e\000\040\000e\000c\000u\000a\000c\000i\000o\000n\000e\000s\000\040\000d\000i\000f\000e\000r\000e\000n\000c\000i\000a\000l\000e\000s}{appendix.105}% 24
\BOOKMARK [2][-]{subsection.131}{\376\377\000V\000a\000r\000i\000a\000s\000\040\000p\000o\000b\000l\000a\000c\000i\000o\000n\000e\000s}{section.106}% 25
\BOOKMARK [2][-]{subsection.141}{\376\377\000M\000o\000d\000e\000l\000o\000s\000\040\000d\000e\000\040\000c\000o\000n\000t\000a\000g\000i\000o}{section.106}% 26
\BOOKMARK [1][-]{section.151}{\376\377\000M\000o\000d\000e\000l\000i\000z\000a\000c\000i\000\363\000n\000\040\000e\000s\000t\000o\000c\000\341\000s\000t\000i\000c\000a}{appendix.105}% 27
\BOOKMARK [2][-]{subsection.152}{\376\377\000P\000r\000o\000c\000e\000s\000o\000s\000\040\000d\000e\000\040\000G\000a\000l\000t\000o\000n\000-\000W\000a\000t\000s\000o\000n}{section.151}% 28
\BOOKMARK [2][-]{subsection.161}{\376\377\000M\000o\000d\000e\000l\000o\000\040\000d\000e\000\040\000L\000e\000s\000l\000i\000e}{section.151}% 29
\BOOKMARK [1][-]{section.177}{\376\377\000C\000\341\000l\000c\000u\000l\000o\000\040\000d\000e\000\040\000v\000a\000r\000i\000a\000c\000i\000o\000n\000e\000s}{appendix.105}% 30
\BOOKMARK [2][-]{subsection.178}{\376\377\000C\000l\000a\000s\000i\000f\000i\000c\000a\000c\000i\000\363\000n\000\040\000d\000e\000\040\000e\000s\000t\000a\000d\000o\000s\000\040\000y\000\040\000c\000\341\000l\000c\000u\000l\000o\000\040\000d\000e\000\040\000p\000r\000o\000b\000a\000b\000i\000l\000i\000d\000a\000d\000e\000s\000\040\000d\000e\000\040\000t\000r\000a\000n\000s\000i\000c\000i\000\363\000n}{section.177}% 31
\BOOKMARK [2][-]{subsection.194}{\376\377\000P\000r\000o\000b\000a\000b\000i\000l\000i\000d\000a\000d\000e\000s\000\040\000y\000\040\000t\000i\000e\000m\000p\000o\000s\000\040\000m\000e\000d\000i\000o\000s\000\040\000d\000e\000\040\000l\000l\000e\000g\000a\000d\000a}{section.177}% 32
